\BOOKMARK [0][-]{section*.2}{\376\377\000V\000a\000l\000i\000d\000a\000t\000i\000o\000n\000\040\000o\000f\000\040\000R\000e\000l\000e\000a\000s\000e\000d\000\040\000A\000C\000T\000\040\000D\000R\0006\000\040\000T\000e\000m\000p\000e\000r\000a\000t\000u\000r\000e\000\040\000P\000r\000o\000d\000u\000c\000t\000s\000w\000i\000t\000h\000\040\000B\000e\000a\000m\000-\000A\000w\000a\000r\000e\000\040\000S\000p\000l\000i\000t\000-\000C\000r\000o\000s\000s\000\040\000P\000s\000e\000u\000d\000o\000-\000C\000l\000\040\000T\000e\000s\000t\000s}{}% 2
\BOOKMARK [1][-]{section*.1}{\376\377\000A\000b\000s\000t\000r\000a\000c\000t}{section*.2}% 1
\BOOKMARK [1][-]{section*.3}{\376\377\000I\000n\000t\000r\000o\000d\000u\000c\000t\000i\000o\000n}{section*.2}% 3
\BOOKMARK [1][-]{section*.4}{\376\377\000D\000a\000t\000a\000\040\000a\000n\000d\000\040\000V\000a\000l\000i\000d\000a\000t\000i\000o\000n\000\040\000S\000c\000o\000p\000e}{section*.2}% 4
\BOOKMARK [1][-]{section*.5}{\376\377\000M\000e\000t\000h\000o\000d\000s}{section*.2}% 5
\BOOKMARK [2][-]{section*.6}{\376\377\000P\000s\000e\000u\000d\000o\000-\000C\000l\000\040\000E\000s\000t\000i\000m\000a\000t\000o\000r}{section*.5}% 6
\BOOKMARK [2][-]{section*.7}{\376\377\000M\000a\000s\000k\000i\000n\000g}{section*.5}% 7
\BOOKMARK [2][-]{section*.8}{\376\377\000B\000e\000a\000m\000\040\000T\000r\000e\000a\000t\000m\000e\000n\000t}{section*.5}% 8
\BOOKMARK [2][-]{section*.9}{\376\377\000S\000u\000m\000m\000a\000r\000y\000\040\000S\000t\000a\000t\000i\000s\000t\000i\000c\000s}{section*.5}% 9
\BOOKMARK [1][-]{section*.10}{\376\377\000R\000e\000s\000u\000l\000t\000s}{section*.2}% 10
\BOOKMARK [2][-]{section*.11}{\376\377\000S\000a\000m\000e\000-\000B\000a\000n\000d\000\040\000C\000r\000o\000s\000s\000-\000A\000r\000r\000a\000y\000\040\000C\000o\000n\000s\000i\000s\000t\000e\000n\000c\000y}{section*.10}% 11
\BOOKMARK [2][-]{section*.12}{\376\377\000C\000r\000o\000s\000s\000-\000F\000r\000e\000q\000u\000e\000n\000c\000y\000\040\000C\000o\000n\000s\000i\000s\000t\000e\000n\000c\000y}{section*.10}% 12
\BOOKMARK [2][-]{section*.13}{\376\377\000W\000i\000t\000h\000i\000n\000-\000C\000h\000a\000n\000n\000e\000l\000\040\000S\000p\000l\000i\000t\000-\000C\000r\000o\000s\000s\000\040\000S\000t\000a\000b\000i\000l\000i\000t\000y}{section*.10}% 13
\BOOKMARK [2][-]{section*.14}{\376\377\000D\000a\000y\000/\000N\000i\000g\000h\000t\000\040\000a\000n\000d\000\040\000C\000r\000o\000s\000s\000-\000A\000r\000r\000a\000y\000\040\000R\000e\000s\000i\000d\000u\000a\000l\000s}{section*.10}% 14
\BOOKMARK [2][-]{section*.15}{\376\377\000B\000e\000a\000m\000-\000S\000p\000l\000i\000t\000\040\000B\000e\000n\000c\000h\000m\000a\000r\000k\000s}{section*.10}% 15
\BOOKMARK [2][-]{section*.16}{\376\377\000S\000o\000u\000r\000c\000e\000-\000F\000r\000e\000e\000\040\000v\000e\000r\000s\000u\000s\000\040\000S\000t\000a\000n\000d\000a\000r\000d\000\040\000M\000a\000p\000s}{section*.10}% 16
\BOOKMARK [1][-]{section*.17}{\376\377\000D\000i\000s\000c\000u\000s\000s\000i\000o\000n}{section*.2}% 17
\BOOKMARK [1][-]{section*.18}{\376\377\000C\000o\000n\000c\000l\000u\000s\000i\000o\000n\000s}{section*.2}% 18
\BOOKMARK [1][-]{section*.19}{\376\377\000A\000c\000k\000n\000o\000w\000l\000e\000d\000g\000m\000e\000n\000t\000s}{section*.2}% 19
\BOOKMARK [1][-]{section*.20}{\376\377\000R\000e\000f\000e\000r\000e\000n\000c\000e\000s}{section*.2}% 20
